<?xml version="1.0" encoding="UTF-8"?>
<!-- Generated by org.testng.reporters.JUnitReportReporter -->
<testsuite hostname="Saurav" failures="0" tests="1" name="org.test.WebpageTest" time="0.008" errors="0" timestamp="2025-02-04T15:20:04 IST" skipped="0">
  <testcase classname="org.test.WebpageTest" name="titleValidationTest" time="0.008"/>
</testsuite> <!-- org.test.WebpageTest -->
